<?xml version="1.0" encoding="UTF-8"?>
<!-- Generated by org.testng.reporters.JUnitXMLReporter -->
<testsuite ignored="0" hostname="DESKTOP-UM2MPT8" failures="0" tests="10" name="POMCommentsAppTest3" time="30.224" errors="0" timestamp="2023-09-14T22:16:28 IST">
  <testcase classname="TestScenarios.CommentsAppTest" name="CommentsAppUI" time="0.134"/>
  <testcase classname="TestScenarios.CommentsAppTest" name="testCommentsCount" time="1.759"/>
  <testcase classname="TestScenarios.CommentsAppTest" name="testCommentsInitial" time="0.42"/>
  <testcase classname="TestScenarios.CommentsAppTest" name="testCommentsInitial" time="0.391"/>
  <testcase classname="TestScenarios.CommentsAppTest" name="testCommentsInitial" time="0.402"/>
  <testcase classname="TestScenarios.CommentsAppTest" name="testCommentsInitial" time="0.424"/>
  <testcase classname="TestScenarios.CommentsAppTest" name="testCommentsInitial" time="0.4"/>
  <testcase classname="TestScenarios.CommentsAppTest" name="testCommentsAndOrder" time="1.822"/>
  <testcase classname="TestScenarios.CommentsAppTest" name="testCommentLikes" time="2.0"/>
  <testcase classname="TestScenarios.CommentsAppTest" name="testCommentDeletes" time="2.137"/>
</testsuite> <!-- POMCommentsAppTest3 -->
